=== NANO ENGINE CRASH LOG ===
Timestamp: 2026-01-09 12:44:02
Crash Reason: Signal 11 (SIGSEGV - Segmentation fault)

=== SYSTEM INFORMATION ===
Total RAM: 32537 MB
Available RAM: 9544 MB
Process Memory Usage: 172 MB

=== RECENT LOGS (Last 161 entries) ===
[12:44:00] [INFO] Backtrace enabled with 100 messages buffer
[12:44:00] [INFO] Session logging enabled - all logs will be written to: logs/session.log
[12:44:00] [INFO] Automatic crash detection enabled
[12:44:00] [INFO] Crash-only logging enabled with automatic detection - logs will be saved to crash_logs/ when crashes occur
[12:44:00] [INFO] [GLContext.cpp:24] OpenGL Version: 
[12:44:00] [WARNING] [GLShader.cpp:246] glProgramBinary failed; attempting embedded source fallback.
[12:44:00] [WARNING] [GLShader.cpp:246] glProgramBinary failed; attempting embedded source fallback.
[12:44:00] [WARNING] [GLShader.cpp:246] glProgramBinary failed; attempting embedded source fallback.
[12:44:00] [WARNING] [GLShader.cpp:246] glProgramBinary failed; attempting embedded source fallback.
[12:44:00] [WARNING] [GLShader.cpp:246] glProgramBinary failed; attempting embedded source fallback.
[12:44:00] [WARNING] [GLShader.cpp:246] glProgramBinary failed; attempting embedded source fallback.
[12:44:00] [WARNING] [GLShader.cpp:246] glProgramBinary failed; attempting embedded source fallback.
[12:44:00] [WARNING] [GLShader.cpp:246] glProgramBinary failed; attempting embedded source fallback.
[12:44:00] [WARNING] [GLShader.cpp:246] glProgramBinary failed; attempting embedded source fallback.
[12:44:00] [INFO] [ScriptingEngine.cpp:222] Initializing ScriptingEngine...
[12:44:00] [INFO] [ScriptingEngine.cpp:227] Script DLL path: D:\Users\Irwen Yap\Documents\My Projects\Github\Chrono\ChronoGame.dll
[12:44:00] [INFO] [ScriptingEngine.cpp:231] Script source directory: D:\Users\Irwen Yap\Documents\ChronoGame\Scripts\
[12:44:00] [INFO] [ScriptingEngine.cpp:248] Build command: ""D:\Program Files\Microsoft Visual Studio\2022\Community\MSBuild\Current\Bin\MSBuild.exe" "../../../ChronoGame/ChronoGame.vcxproj" /p:Configuration=Release /p:Platform=x64 /p:BuildProjectReferences=false /p:LanguageStandard=stdcpp20"
[12:44:00] [INFO] [ScriptingEngine.cpp:260] Created hot-reload copy: D:\Users\Irwen Yap\Documents\My Projects\Github\Chrono\ChronoGame_hot_0.dll
[12:44:00] [INFO] [ScriptingEngine.cpp:77] Registered script: PlayerScript
[12:44:00] [INFO] [ScriptingEngine.cpp:77] Registered script: TestScript
[12:44:00] [INFO] [ScriptingEngine.cpp:77] Registered script: PhysicsPlayerController
[12:44:00] [INFO] [ScriptingEngine.cpp:77] Registered script: TextureSwitch
[12:44:00] [INFO] [ScriptingEngine.cpp:77] Registered script: LightSwitch
[12:44:00] [INFO] [ScriptingEngine.cpp:77] Registered script: PlayerCamera
[12:44:00] [INFO] [ScriptingEngine.cpp:77] Registered script: Gears
[12:44:00] [INFO] [ScriptingEngine.cpp:77] Registered script: k1bswitch
[12:44:00] [INFO] [ScriptingEngine.cpp:77] Registered script: k2bswitch
[12:44:00] [INFO] [ScriptingEngine.cpp:77] Registered script: FollowerScript
[12:44:00] [INFO] [ScriptingEngine.cpp:77] Registered script: PlayerController
[12:44:00] [INFO] [ScriptingEngine.cpp:77] Registered script: TweenExampleScript
[12:44:00] [INFO] [ScriptingEngine.cpp:77] Registered script: ParentControllerScript
[12:44:00] [INFO] [ScriptingEngine.cpp:77] Registered script: MaterialSequencer
[12:44:00] [INFO] [ScriptingEngine.cpp:77] Registered script: RenderSettingsDemo
[12:44:00] [INFO] [ScriptingEngine.cpp:77] Registered script: PrefabSpawnerScript
[12:44:00] [INFO] [ScriptingEngine.cpp:77] Registered script: BulletShooterScript
[12:44:00] [INFO] [ScriptingEngine.cpp:77] Registered script: CameraController
[12:44:00] [INFO] [ScriptingEngine.cpp:77] Registered script: Pickable
[12:44:00] [INFO] [ScriptingEngine.cpp:171] Successfully loaded and registered scripts from: D:\Users\Irwen Yap\Documents\My Projects\Github\Chrono\ChronoGame_hot_0.dll
[12:44:00] [INFO] [ScriptingEngine.cpp:266] Successfully loaded script DLL.
[12:44:00] [INFO] [ScriptingEngine.cpp:334] === Scripting Engine Summary ===
[12:44:00] [INFO] [ScriptingEngine.cpp:337] Loaded Script DLL:
[12:44:00] [INFO] [ScriptingEngine.cpp:338]   - D:\Users\Irwen Yap\Documents\My Projects\Github\Chrono\ChronoGame_hot_0.dll
[12:44:00] [INFO] [ScriptingEngine.cpp:344] Registered Scripts (19):
[12:44:00] [INFO] [ScriptingEngine.cpp:349]   - BulletShooterScript
[12:44:00] [INFO] [ScriptingEngine.cpp:349]   - CameraController
[12:44:00] [INFO] [ScriptingEngine.cpp:349]   - FollowerScript
[12:44:00] [INFO] [ScriptingEngine.cpp:349]   - Gears
[12:44:00] [INFO] [ScriptingEngine.cpp:349]   - LightSwitch
[12:44:00] [INFO] [ScriptingEngine.cpp:349]   - MaterialSequencer
[12:44:00] [INFO] [ScriptingEngine.cpp:349]   - ParentControllerScript
[12:44:00] [INFO] [ScriptingEngine.cpp:349]   - PhysicsPlayerController
[12:44:00] [INFO] [ScriptingEngine.cpp:349]   - Pickable
[12:44:00] [INFO] [ScriptingEngine.cpp:349]   - PlayerCamera
[12:44:00] [INFO] [ScriptingEngine.cpp:349]   - PlayerController
[12:44:00] [INFO] [ScriptingEngine.cpp:349]   - PlayerScript
[12:44:00] [INFO] [ScriptingEngine.cpp:349]   - PrefabSpawnerScript
[12:44:00] [INFO] [ScriptingEngine.cpp:349]   - RenderSettingsDemo
[12:44:00] [INFO] [ScriptingEngine.cpp:349]   - TestScript
[12:44:00] [INFO] [ScriptingEngine.cpp:349]   - TextureSwitch
[12:44:00] [INFO] [ScriptingEngine.cpp:349]   - TweenExampleScript
[12:44:00] [INFO] [ScriptingEngine.cpp:349]   - k1bswitch
[12:44:00] [INFO] [ScriptingEngine.cpp:349]   - k2bswitch
[12:44:00] [INFO] [ScriptingEngine.cpp:352] ================================

[12:44:00] [INFO] [ScriptingEngine.cpp:286] File watcher started for: D:\Users\Irwen Yap\Documents\ChronoGame\Scripts\
[12:44:00] [INFO] [ScriptingEngine.cpp:294] ScriptingEngine initialization complete.
[12:44:00] [INFO] [ScriptingEngine.cpp:295]   - Script DLL: Loaded
[12:44:00] [INFO] [ScriptingEngine.cpp:296]   - Registered scripts: 19
[12:44:00] [WARNING] [ResourcePaths.hpp:28] Invalid Artifact Path
[12:44:00] [WARNING] [ResourcePaths.hpp:28] Invalid Artifact Path
[12:44:00] [WARNING] [ResourcePaths.hpp:28] Invalid Artifact Path
[12:44:00] [WARNING] [ResourcePaths.hpp:28] Invalid Artifact Path
[12:44:00] [WARNING] [ResourcePaths.hpp:28] Invalid Artifact Path
[12:44:00] [WARNING] [ResourcePaths.hpp:28] Invalid Artifact Path
[12:44:00] [WARNING] [ResourcePaths.hpp:28] Invalid Artifact Path
[12:44:00] [WARNING] [ResourcePaths.hpp:28] Invalid Artifact Path
[12:44:01] [WARNING] [ResourcePaths.hpp:28] Invalid Artifact Path
[12:44:01] [WARNING] [ResourcePaths.hpp:28] Invalid Artifact Path
[12:44:01] [WARNING] [ResourcePaths.hpp:28] Invalid Artifact Path
[12:44:01] [WARNING] [ResourcePaths.hpp:28] Invalid Artifact Path
[12:44:01] [WARNING] [AssetManager.cpp:171] Failed to parse meta JSON: Assets/Textures\brick.meta
[12:44:01] [WARNING] [ResourcePaths.hpp:28] Invalid Artifact Path
[12:44:01] [WARNING] [ResourcePaths.hpp:28] Invalid Artifact Path
[12:44:01] [WARNING] [ResourcePaths.hpp:28] Invalid Artifact Path
[12:44:01] [WARNING] [ResourcePaths.hpp:28] Invalid Artifact Path
[12:44:01] [WARNING] [ResourcePaths.hpp:28] Invalid Artifact Path
[12:44:01] [WARNING] [ResourcePaths.hpp:28] Invalid Artifact Path
[12:44:01] [WARNING] [ResourcePaths.hpp:28] Invalid Artifact Path
[12:44:01] [WARNING] [ResourcePaths.hpp:28] Invalid Artifact Path
[12:44:01] [WARNING] [ResourcePaths.hpp:28] Invalid Artifact Path
[12:44:01] [WARNING] [ResourcePaths.hpp:28] Invalid Artifact Path
[12:44:01] [WARNING] [ResourcePaths.hpp:28] Invalid Artifact Path
[12:44:01] [WARNING] [ResourcePaths.hpp:28] Invalid Artifact Path
[12:44:01] [WARNING] [ResourcePaths.hpp:28] Invalid Artifact Path
[12:44:01] [WARNING] [ResourcePaths.hpp:28] Invalid Artifact Path
[12:44:01] [WARNING] [ResourcePaths.hpp:28] Invalid Artifact Path
[12:44:01] [WARNING] [ResourcePaths.hpp:28] Invalid Artifact Path
[12:44:01] [WARNING] [ResourcePaths.hpp:28] Invalid Artifact Path
[12:44:01] [WARNING] [ResourcePaths.hpp:28] Invalid Artifact Path
[12:44:01] [WARNING] [ResourcePaths.hpp:28] Invalid Artifact Path
[12:44:01] [WARNING] [ResourcePaths.hpp:28] Invalid Artifact Path
[12:44:01] [WARNING] [ResourcePaths.hpp:28] Invalid Artifact Path
[12:44:01] [WARNING] [ResourcePaths.hpp:28] Invalid Artifact Path
[12:44:01] [WARNING] [ResourcePaths.hpp:28] Invalid Artifact Path
[12:44:01] [WARNING] [ResourcePaths.hpp:28] Invalid Artifact Path
[12:44:01] [WARNING] [ResourcePaths.hpp:28] Invalid Artifact Path
[12:44:01] [WARNING] [ResourcePaths.hpp:28] Invalid Artifact Path
[12:44:01] [WARNING] [ResourcePaths.hpp:28] Invalid Artifact Path
[12:44:01] [WARNING] [ResourcePaths.hpp:28] Invalid Artifact Path
[12:44:01] [WARNING] [ResourcePaths.hpp:28] Invalid Artifact Path
[12:44:01] [WARNING] [ResourcePaths.hpp:28] Invalid Artifact Path
[12:44:01] [WARNING] [ResourcePaths.hpp:28] Invalid Artifact Path
[12:44:01] [WARNING] [ResourcePaths.hpp:28] Invalid Artifact Path
[12:44:02] [WARNING] [ResourcePaths.hpp:28] Invalid Artifact Path
[12:44:02] [WARNING] [ResourcePaths.hpp:28] Invalid Artifact Path
[12:44:02] [WARNING] [ResourcePaths.hpp:28] Invalid Artifact Path
[12:44:02] [WARNING] [ResourcePaths.hpp:28] Invalid Artifact Path
[12:44:02] [WARNING] [ResourcePaths.hpp:28] Invalid Artifact Path
[12:44:02] [WARNING] [ResourcePaths.hpp:28] Invalid Artifact Path
[12:44:02] [WARNING] [ResourcePaths.hpp:28] Invalid Artifact Path
[12:44:02] [WARNING] [ResourcePaths.hpp:28] Invalid Artifact Path
[12:44:02] [WARNING] [ResourcePaths.hpp:28] Invalid Artifact Path
[12:44:02] [WARNING] [ResourcePaths.hpp:28] Invalid Artifact Path
[12:44:02] [WARNING] [ResourcePaths.hpp:28] Invalid Artifact Path
[12:44:02] [WARNING] [ResourcePaths.hpp:28] Invalid Artifact Path
[12:44:02] [WARNING] [ResourcePaths.hpp:28] Invalid Artifact Path
[12:44:02] [WARNING] [ResourcePaths.hpp:28] Invalid Artifact Path
[12:44:02] [WARNING] [ResourcePaths.hpp:28] Invalid Artifact Path
[12:44:02] [WARNING] [ResourcePaths.hpp:28] Invalid Artifact Path
[12:44:02] [WARNING] [ResourcePaths.hpp:28] Invalid Artifact Path
[12:44:02] [WARNING] [ResourcePaths.hpp:28] Invalid Artifact Path
[12:44:02] [WARNING] [ResourcePaths.hpp:28] Invalid Artifact Path
[12:44:02] [WARNING] [ResourcePaths.hpp:28] Invalid Artifact Path
[12:44:02] [WARNING] [ResourcePaths.hpp:28] Invalid Artifact Path
[12:44:02] [WARNING] [ResourcePaths.hpp:28] Invalid Artifact Path
[12:44:02] [WARNING] [ResourcePaths.hpp:28] Invalid Artifact Path
[12:44:02] [WARNING] [ResourcePaths.hpp:28] Invalid Artifact Path
[12:44:02] [WARNING] [ResourcePaths.hpp:28] Invalid Artifact Path
[12:44:02] [WARNING] [ResourcePaths.hpp:28] Invalid Artifact Path
[12:44:02] [WARNING] [ResourcePaths.hpp:28] Invalid Artifact Path
[12:44:02] [WARNING] [ResourcePaths.hpp:28] Invalid Artifact Path
[12:44:02] [WARNING] [ResourcePaths.hpp:28] Invalid Artifact Path
[12:44:02] [WARNING] [ResourcePaths.hpp:28] Invalid Artifact Path
[12:44:02] [WARNING] [ResourcePaths.hpp:28] Invalid Artifact Path
[12:44:02] [WARNING] [ResourcePaths.hpp:28] Invalid Artifact Path
[12:44:02] [WARNING] [ResourcePaths.hpp:28] Invalid Artifact Path
[12:44:02] [WARNING] [ResourcePaths.hpp:28] Invalid Artifact Path
[12:44:02] [WARNING] [ResourcePaths.hpp:28] Invalid Artifact Path
[12:44:02] [WARNING] [ResourcePaths.hpp:28] Invalid Artifact Path
[12:44:02] [WARNING] [ResourcePaths.hpp:28] Invalid Artifact Path
[12:44:02] [WARNING] [ResourcePaths.hpp:28] Invalid Artifact Path
[12:44:02] [WARNING] [ResourcePaths.hpp:28] Invalid Artifact Path
[12:44:02] [WARNING] [ResourcePaths.hpp:28] Invalid Artifact Path
[12:44:02] [WARNING] [ResourcePaths.hpp:28] Invalid Artifact Path
[12:44:02] [WARNING] [ResourcePaths.hpp:28] Invalid Artifact Path
[12:44:02] [WARNING] [ResourcePaths.hpp:28] Invalid Artifact Path
[12:44:02] [WARNING] [ResourcePaths.hpp:28] Invalid Artifact Path
[12:44:02] [WARNING] [ResourcePaths.hpp:28] Invalid Artifact Path
[12:44:02] [WARNING] [ResourcePaths.hpp:28] Invalid Artifact Path
[12:44:02] [WARNING] [ResourcePaths.hpp:28] Invalid Artifact Path
[12:44:02] [WARNING] [ResourcePaths.hpp:28] Invalid Artifact Path
