=== NANO ENGINE CRASH LOG ===
Timestamp: 2026-01-09 12:41:03
Crash Reason: Signal 11 (SIGSEGV - Segmentation fault)

=== SYSTEM INFORMATION ===
Total RAM: 32537 MB
Available RAM: 9514 MB
Process Memory Usage: 196 MB

=== RECENT LOGS (Last 558 entries) ===
[12:01:06] [INFO] Backtrace enabled with 100 messages buffer
[12:01:06] [INFO] Session logging enabled - all logs will be written to: logs/session.log
[12:01:06] [INFO] Automatic crash detection enabled
[12:01:06] [INFO] Crash-only logging enabled with automatic detection - logs will be saved to crash_logs/ when crashes occur
[12:01:06] [INFO] [GLContext.cpp:24] OpenGL Version: 
[12:01:06] [WARNING] [GLShader.cpp:246] glProgramBinary failed; attempting embedded source fallback.
[12:01:06] [WARNING] [GLShader.cpp:246] glProgramBinary failed; attempting embedded source fallback.
[12:01:06] [WARNING] [GLShader.cpp:246] glProgramBinary failed; attempting embedded source fallback.
[12:01:06] [WARNING] [GLShader.cpp:246] glProgramBinary failed; attempting embedded source fallback.
[12:01:06] [WARNING] [GLShader.cpp:246] glProgramBinary failed; attempting embedded source fallback.
[12:01:06] [WARNING] [GLShader.cpp:246] glProgramBinary failed; attempting embedded source fallback.
[12:01:06] [WARNING] [GLShader.cpp:246] glProgramBinary failed; attempting embedded source fallback.
[12:01:06] [WARNING] [GLShader.cpp:246] glProgramBinary failed; attempting embedded source fallback.
[12:01:06] [WARNING] [GLShader.cpp:246] glProgramBinary failed; attempting embedded source fallback.
[12:01:06] [INFO] [ScriptingEngine.cpp:222] Initializing ScriptingEngine...
[12:01:06] [INFO] [ScriptingEngine.cpp:227] Script DLL path: D:\Users\Irwen Yap\Documents\My Projects\Github\Chrono\ChronoGame.dll
[12:01:06] [INFO] [ScriptingEngine.cpp:231] Script source directory: D:\Users\Irwen Yap\Documents\ChronoGame\Scripts\
[12:01:07] [INFO] [ScriptingEngine.cpp:248] Build command: ""D:\Program Files\Microsoft Visual Studio\2022\Community\MSBuild\Current\Bin\MSBuild.exe" "../../../ChronoGame/ChronoGame.vcxproj" /p:Configuration=Release /p:Platform=x64 /p:BuildProjectReferences=false /p:LanguageStandard=stdcpp20"
[12:01:07] [INFO] [ScriptingEngine.cpp:260] Created hot-reload copy: D:\Users\Irwen Yap\Documents\My Projects\Github\Chrono\ChronoGame_hot_0.dll
[12:01:07] [INFO] [ScriptingEngine.cpp:77] Registered script: PlayerScript
[12:01:07] [INFO] [ScriptingEngine.cpp:77] Registered script: TestScript
[12:01:07] [INFO] [ScriptingEngine.cpp:77] Registered script: PhysicsPlayerController
[12:01:07] [INFO] [ScriptingEngine.cpp:77] Registered script: TextureSwitch
[12:01:07] [INFO] [ScriptingEngine.cpp:77] Registered script: LightSwitch
[12:01:07] [INFO] [ScriptingEngine.cpp:77] Registered script: PlayerCamera
[12:01:07] [INFO] [ScriptingEngine.cpp:77] Registered script: Gears
[12:01:07] [INFO] [ScriptingEngine.cpp:77] Registered script: k1bswitch
[12:01:07] [INFO] [ScriptingEngine.cpp:77] Registered script: k2bswitch
[12:01:07] [INFO] [ScriptingEngine.cpp:77] Registered script: FollowerScript
[12:01:07] [INFO] [ScriptingEngine.cpp:77] Registered script: PlayerController
[12:01:07] [INFO] [ScriptingEngine.cpp:77] Registered script: TweenExampleScript
[12:01:07] [INFO] [ScriptingEngine.cpp:77] Registered script: ParentControllerScript
[12:01:07] [INFO] [ScriptingEngine.cpp:77] Registered script: MaterialSequencer
[12:01:07] [INFO] [ScriptingEngine.cpp:77] Registered script: RenderSettingsDemo
[12:01:07] [INFO] [ScriptingEngine.cpp:77] Registered script: PrefabSpawnerScript
[12:01:07] [INFO] [ScriptingEngine.cpp:77] Registered script: BulletShooterScript
[12:01:07] [INFO] [ScriptingEngine.cpp:77] Registered script: CameraController
[12:01:07] [INFO] [ScriptingEngine.cpp:77] Registered script: Pickable
[12:01:07] [INFO] [ScriptingEngine.cpp:171] Successfully loaded and registered scripts from: D:\Users\Irwen Yap\Documents\My Projects\Github\Chrono\ChronoGame_hot_0.dll
[12:01:07] [INFO] [ScriptingEngine.cpp:266] Successfully loaded script DLL.
[12:01:07] [INFO] [ScriptingEngine.cpp:334] === Scripting Engine Summary ===
[12:01:07] [INFO] [ScriptingEngine.cpp:337] Loaded Script DLL:
[12:01:07] [INFO] [ScriptingEngine.cpp:338]   - D:\Users\Irwen Yap\Documents\My Projects\Github\Chrono\ChronoGame_hot_0.dll
[12:01:07] [INFO] [ScriptingEngine.cpp:344] Registered Scripts (19):
[12:01:07] [INFO] [ScriptingEngine.cpp:349]   - BulletShooterScript
[12:01:07] [INFO] [ScriptingEngine.cpp:349]   - CameraController
[12:01:07] [INFO] [ScriptingEngine.cpp:349]   - FollowerScript
[12:01:07] [INFO] [ScriptingEngine.cpp:349]   - Gears
[12:01:07] [INFO] [ScriptingEngine.cpp:349]   - LightSwitch
[12:01:07] [INFO] [ScriptingEngine.cpp:349]   - MaterialSequencer
[12:01:07] [INFO] [ScriptingEngine.cpp:349]   - ParentControllerScript
[12:01:07] [INFO] [ScriptingEngine.cpp:349]   - PhysicsPlayerController
[12:01:07] [INFO] [ScriptingEngine.cpp:349]   - Pickable
[12:01:07] [INFO] [ScriptingEngine.cpp:349]   - PlayerCamera
[12:01:07] [INFO] [ScriptingEngine.cpp:349]   - PlayerController
[12:01:07] [INFO] [ScriptingEngine.cpp:349]   - PlayerScript
[12:01:07] [INFO] [ScriptingEngine.cpp:349]   - PrefabSpawnerScript
[12:01:07] [INFO] [ScriptingEngine.cpp:349]   - RenderSettingsDemo
[12:01:07] [INFO] [ScriptingEngine.cpp:349]   - TestScript
[12:01:07] [INFO] [ScriptingEngine.cpp:349]   - TextureSwitch
[12:01:07] [INFO] [ScriptingEngine.cpp:349]   - TweenExampleScript
[12:01:07] [INFO] [ScriptingEngine.cpp:349]   - k1bswitch
[12:01:07] [INFO] [ScriptingEngine.cpp:349]   - k2bswitch
[12:01:07] [INFO] [ScriptingEngine.cpp:352] ================================

[12:01:07] [INFO] [ScriptingEngine.cpp:286] File watcher started for: D:\Users\Irwen Yap\Documents\ChronoGame\Scripts\
[12:01:07] [INFO] [ScriptingEngine.cpp:294] ScriptingEngine initialization complete.
[12:01:07] [INFO] [ScriptingEngine.cpp:295]   - Script DLL: Loaded
[12:01:07] [INFO] [ScriptingEngine.cpp:296]   - Registered scripts: 19
[12:01:07] [WARNING] [ResourcePaths.hpp:28] Invalid Artifact Path
[12:01:07] [WARNING] [ResourcePaths.hpp:28] Invalid Artifact Path
[12:01:07] [WARNING] [ResourcePaths.hpp:28] Invalid Artifact Path
[12:01:07] [INFO] [MaterialAsset.cpp:66] uniform name: u_AmbientColor value: 1, 1, 1
[12:01:07] [INFO] [MaterialAsset.cpp:66] uniform name: u_Offset value: 0, 0, 0
[12:01:07] [INFO] [MaterialAsset.cpp:66] uniform name: u_Tiling value: 1, 1, 1
[12:01:07] [INFO] [MaterialAsset.cpp:66] uniform name: u_BaseColor value: 0, 0, 1
[12:01:07] [INFO] [MaterialAsset.cpp:66] uniform name: u_Emissive value: 0, 0, 1
[12:01:07] [INFO] [MaterialAsset.cpp:66] uniform name: u_Tiling value: 1, 1, 1
[12:01:07] [INFO] [MaterialAsset.cpp:66] uniform name: u_Offset value: 0, 0, 0
[12:01:07] [INFO] [MaterialAsset.cpp:66] uniform name: u_AmbientColor value: 1, 1, 1
[12:01:07] [INFO] [MaterialAsset.cpp:66] uniform name: u_BaseColor value: 0, 1, 0
[12:01:07] [INFO] [MaterialAsset.cpp:66] uniform name: u_Emissive value: 0, 1, 0
[12:01:07] [INFO] [MaterialAsset.cpp:66] uniform name: u_BaseColor value: 1, 1, 1
[12:01:07] [INFO] [MaterialAsset.cpp:66] uniform name: u_Emissive value: 0.3, 2, 0.8
[12:01:07] [INFO] [MaterialAsset.cpp:66] uniform name: u_Tiling value: 1, 1, 1
[12:01:07] [INFO] [MaterialAsset.cpp:66] uniform name: u_Offset value: 0, 0, 0
[12:01:07] [INFO] [MaterialAsset.cpp:66] uniform name: u_BaseColor value: 1, 1, 1
[12:01:07] [INFO] [MaterialAsset.cpp:66] uniform name: u_Emissive value: 2, 0.9, 0.5
[12:01:07] [INFO] [MaterialAsset.cpp:66] uniform name: u_Tiling value: 1, 1, 1
[12:01:07] [INFO] [MaterialAsset.cpp:66] uniform name: u_Offset value: 0, 0, 0
[12:01:07] [INFO] [MaterialAsset.cpp:66] uniform name: u_Tiling value: 1, 1, 1
[12:01:07] [INFO] [MaterialAsset.cpp:66] uniform name: u_Offset value: 0, 0, 0
[12:01:07] [INFO] [MaterialAsset.cpp:66] uniform name: u_AmbientColor value: 1, 1, 1
[12:01:07] [INFO] [MaterialAsset.cpp:66] uniform name: u_BaseColor value: 1, 0, 0
[12:01:07] [INFO] [MaterialAsset.cpp:66] uniform name: u_Emissive value: 1, 0, 0
[12:01:07] [INFO] [MaterialAsset.cpp:66] uniform name: u_Tiling value: 1, 1, 1
[12:01:07] [INFO] [MaterialAsset.cpp:66] uniform name: u_Offset value: 0, 0, 0
[12:01:07] [INFO] [MaterialAsset.cpp:66] uniform name: u_AmbientColor value: 1, 1, 1
[12:01:07] [INFO] [MaterialAsset.cpp:66] uniform name: u_BaseColor value: 1, 1, 1
[12:01:07] [INFO] [MaterialAsset.cpp:66] uniform name: u_Emissive value: 1, 1, 1
[12:01:07] [INFO] [MaterialAsset.cpp:66] uniform name: u_Tiling value: 1, 1, 1
[12:01:07] [INFO] [MaterialAsset.cpp:66] uniform name: u_Offset value: 0, 0, 0
[12:01:07] [INFO] [MaterialAsset.cpp:66] uniform name: u_AmbientColor value: 1, 1, 1
[12:01:07] [INFO] [MaterialAsset.cpp:66] uniform name: u_BaseColor value: 1, 1, 0
[12:01:07] [INFO] [MaterialAsset.cpp:66] uniform name: u_Emissive value: 1, 1, 0
[12:01:07] [WARNING] [ResourcePaths.hpp:28] Invalid Artifact Path
[12:01:07] [INFO] [MaterialAsset.cpp:66] uniform name: u_AmbientColor value: 1, 1, 1
[12:01:07] [INFO] [MaterialAsset.cpp:66] uniform name: u_BaseColor value: 1, 1, 1
[12:01:07] [INFO] [MaterialAsset.cpp:66] uniform name: u_Emissive value: 0, 0, 0
[12:01:07] [INFO] [MaterialAsset.cpp:66] uniform name: u_AmbientColor value: 1, 1, 1
[12:01:07] [INFO] [MaterialAsset.cpp:66] uniform name: u_Offset value: 0, 0, 0
[12:01:07] [INFO] [MaterialAsset.cpp:66] uniform name: u_Tiling value: 1, 1, 1
[12:01:07] [INFO] [MaterialAsset.cpp:66] uniform name: u_BaseColor value: 1, 0, 0
[12:01:07] [INFO] [MaterialAsset.cpp:66] uniform name: u_Emissive value: 0, 0, 0
[12:01:07] [INFO] [MaterialAsset.cpp:66] uniform name: u_AmbientColor value: 1, 1, 1
[12:01:07] [INFO] [MaterialAsset.cpp:66] uniform name: u_BaseColor value: 1, 1, 1
[12:01:07] [INFO] [MaterialAsset.cpp:66] uniform name: u_Emissive value: 0, 0, 0
[12:01:07] [INFO] [MaterialAsset.cpp:66] uniform name: u_Tiling value: 1, 1, 1
[12:01:07] [INFO] [MaterialAsset.cpp:66] uniform name: u_Offset value: 0, 0, 0
[12:01:07] [INFO] [MaterialAsset.cpp:66] uniform name: u_AmbientColor value: 1, 1, 1
[12:01:07] [INFO] [MaterialAsset.cpp:66] uniform name: u_BaseColor value: 1, 1, 1
[12:01:07] [INFO] [MaterialAsset.cpp:66] uniform name: u_Emissive value: 0, 0, 0
[12:01:07] [INFO] [MaterialAsset.cpp:66] uniform name: u_BaseColor value: 1, 1, 1
[12:01:07] [INFO] [MaterialAsset.cpp:66] uniform name: u_Emissive value: 0, 0, 0
[12:01:07] [INFO] [MaterialAsset.cpp:66] uniform name: u_Tiling value: 1, 1, 1
[12:01:07] [INFO] [MaterialAsset.cpp:66] uniform name: u_Offset value: 0, 0, 0
[12:01:07] [INFO] [MaterialAsset.cpp:66] uniform name: u_BaseColor value: 1, 1, 1
[12:01:07] [INFO] [MaterialAsset.cpp:66] uniform name: u_Emissive value: 0, 0, 0
[12:01:07] [INFO] [MaterialAsset.cpp:66] uniform name: u_Tiling value: 0.2, 0.2, 1
[12:01:07] [INFO] [MaterialAsset.cpp:66] uniform name: u_Offset value: 0, 0, 0
[12:01:07] [INFO] [MaterialAsset.cpp:66] uniform name: u_AmbientColor value: 1, 1, 1
[12:01:07] [INFO] [MaterialAsset.cpp:66] uniform name: u_Offset value: 0, 0, 0
[12:01:07] [INFO] [MaterialAsset.cpp:66] uniform name: u_Tiling value: 1, 1, 1
[12:01:07] [INFO] [MaterialAsset.cpp:66] uniform name: u_BaseColor value: 1, 1, 1
[12:01:07] [INFO] [MaterialAsset.cpp:66] uniform name: u_Emissive value: 0, 0, 0
[12:01:07] [INFO] [MaterialAsset.cpp:66] uniform name: u_AmbientColor value: 1, 1, 1
[12:01:07] [INFO] [MaterialAsset.cpp:66] uniform name: u_Offset value: 0, 0, 0
[12:01:07] [INFO] [MaterialAsset.cpp:66] uniform name: u_Tiling value: 1, 1, 1
[12:01:07] [INFO] [MaterialAsset.cpp:66] uniform name: u_BaseColor value: 1, 1, 1
[12:01:07] [INFO] [MaterialAsset.cpp:66] uniform name: u_Emissive value: 0, 0, 0
[12:01:07] [WARNING] [ResourcePaths.hpp:28] Invalid Artifact Path
[12:01:07] [INFO] [MaterialAsset.cpp:66] uniform name: u_AmbientColor value: 1, 1, 1
[12:01:07] [INFO] [MaterialAsset.cpp:66] uniform name: u_Offset value: 0, 0, 0
[12:01:07] [INFO] [MaterialAsset.cpp:66] uniform name: u_Tiling value: 1, 1, 1
[12:01:07] [INFO] [MaterialAsset.cpp:66] uniform name: u_BaseColor value: 1, 1, 1
[12:01:07] [INFO] [MaterialAsset.cpp:66] uniform name: u_Emissive value: 0, 0, 0
[12:01:07] [INFO] [MaterialAsset.cpp:66] uniform name: u_Tiling value: 1, 1, 1
[12:01:07] [INFO] [MaterialAsset.cpp:66] uniform name: u_Offset value: 0, 0, 0
[12:01:07] [INFO] [MaterialAsset.cpp:66] uniform name: u_AmbientColor value: 1, 1, 1
[12:01:07] [INFO] [MaterialAsset.cpp:66] uniform name: u_BaseColor value: 1, 1, 1
[12:01:07] [INFO] [MaterialAsset.cpp:66] uniform name: u_Emissive value: 0, 0, 0
[12:01:07] [INFO] [MaterialAsset.cpp:66] uniform name: u_BaseColor value: 1, 1, 1
[12:01:07] [INFO] [MaterialAsset.cpp:66] uniform name: u_Emissive value: 0, 0, 0
[12:01:07] [INFO] [MaterialAsset.cpp:66] uniform name: u_Tiling value: 1, 1, 1
[12:01:07] [INFO] [MaterialAsset.cpp:66] uniform name: u_Offset value: 0, 0, 0
[12:01:07] [INFO] [MaterialAsset.cpp:66] uniform name: u_BaseColor value: 1, 1, 1
[12:01:07] [INFO] [MaterialAsset.cpp:66] uniform name: u_Emissive value: 0, 0, 0
[12:01:07] [INFO] [MaterialAsset.cpp:66] uniform name: u_Tiling value: 1, 1, 1
[12:01:07] [INFO] [MaterialAsset.cpp:66] uniform name: u_Offset value: 0, 0, 0
[12:01:07] [INFO] [MaterialAsset.cpp:66] uniform name: u_AmbientColor value: 1, 1, 1
[12:01:07] [INFO] [MaterialAsset.cpp:66] uniform name: u_Offset value: 0, 0, 0
[12:01:07] [INFO] [MaterialAsset.cpp:66] uniform name: u_Tiling value: 1, 1, 1
[12:01:07] [INFO] [MaterialAsset.cpp:66] uniform name: u_BaseColor value: 1, 1, 1
[12:01:07] [INFO] [MaterialAsset.cpp:66] uniform name: u_Emissive value: 0, 0, 0
[12:01:07] [INFO] [MaterialAsset.cpp:66] uniform name: u_Tiling value: 1, 1, 1
[12:01:07] [INFO] [MaterialAsset.cpp:66] uniform name: u_Offset value: 0, 0, 0
[12:01:07] [INFO] [MaterialAsset.cpp:66] uniform name: u_AmbientColor value: 1, 1, 1
[12:01:07] [INFO] [MaterialAsset.cpp:66] uniform name: u_BaseColor value: 1, 1, 1
[12:01:07] [INFO] [MaterialAsset.cpp:66] uniform name: u_Emissive value: 0, 0, 0
[12:01:07] [INFO] [MaterialAsset.cpp:66] uniform name: u_Tiling value: 1, 1, 1
[12:01:07] [INFO] [MaterialAsset.cpp:66] uniform name: u_Offset value: 0, 0, 0
[12:01:07] [INFO] [MaterialAsset.cpp:66] uniform name: u_AmbientColor value: 1, 1, 1
[12:01:07] [INFO] [MaterialAsset.cpp:66] uniform name: u_BaseColor value: 1, 1, 1
[12:01:07] [INFO] [MaterialAsset.cpp:66] uniform name: u_Emissive value: 0, 0, 0
[12:01:07] [INFO] [MaterialAsset.cpp:66] uniform name: u_BaseColor value: 1, 1, 1
[12:01:07] [INFO] [MaterialAsset.cpp:66] uniform name: u_Emissive value: 0, 0, 0
[12:01:07] [INFO] [MaterialAsset.cpp:66] uniform name: u_Tiling value: 1, 1, 1
[12:01:07] [INFO] [MaterialAsset.cpp:66] uniform name: u_Offset value: 0, 0, 0
[12:01:07] [INFO] [MaterialAsset.cpp:66] uniform name: u_BaseColor value: 1, 1, 1
[12:01:07] [INFO] [MaterialAsset.cpp:66] uniform name: u_Emissive value: 0, 0, 0
[12:01:07] [INFO] [MaterialAsset.cpp:66] uniform name: u_Tiling value: 1, 1, 1
[12:01:07] [INFO] [MaterialAsset.cpp:66] uniform name: u_Offset value: 0, 0, 0
[12:01:07] [INFO] [MaterialAsset.cpp:66] uniform name: u_BaseColor value: 1, 1, 1
[12:01:07] [INFO] [MaterialAsset.cpp:66] uniform name: u_Emissive value: 0, 0, 0
[12:01:07] [INFO] [MaterialAsset.cpp:66] uniform name: u_Tiling value: 1, 1, 1
[12:01:07] [INFO] [MaterialAsset.cpp:66] uniform name: u_Offset value: 0, 0, 0
[12:01:07] [INFO] [MaterialAsset.cpp:66] uniform name: u_Tiling value: 0.2, 0.2, 1
[12:01:07] [INFO] [MaterialAsset.cpp:66] uniform name: u_Offset value: 0, 0, 0
[12:01:07] [INFO] [MaterialAsset.cpp:66] uniform name: u_AmbientColor value: 1, 1, 1
[12:01:07] [INFO] [MaterialAsset.cpp:66] uniform name: u_BaseColor value: 1, 1, 1
[12:01:07] [INFO] [MaterialAsset.cpp:66] uniform name: u_Emissive value: 0, 0, 0
[12:01:07] [INFO] [MaterialAsset.cpp:66] uniform name: u_Tiling value: 1, 1, 1
[12:01:07] [INFO] [MaterialAsset.cpp:66] uniform name: u_Offset value: 0, 0, 0
[12:01:07] [INFO] [MaterialAsset.cpp:66] uniform name: u_AmbientColor value: 1, 1, 1
[12:01:07] [INFO] [MaterialAsset.cpp:66] uniform name: u_BaseColor value: 1, 1, 1
[12:01:07] [INFO] [MaterialAsset.cpp:66] uniform name: u_Emissive value: 0, 0, 0
[12:01:07] [INFO] [MaterialAsset.cpp:66] uniform name: u_Tiling value: 1, 1, 1
[12:01:07] [INFO] [MaterialAsset.cpp:66] uniform name: u_Offset value: 0, 0, 0
[12:01:07] [INFO] [MaterialAsset.cpp:66] uniform name: u_AmbientColor value: 1, 1, 1
[12:01:07] [INFO] [MaterialAsset.cpp:66] uniform name: u_BaseColor value: 1, 1, 1
[12:01:07] [INFO] [MaterialAsset.cpp:66] uniform name: u_Emissive value: 0, 0, 0
[12:01:07] [INFO] [MaterialAsset.cpp:66] uniform name: u_AmbientColor value: 1, 1, 1
[12:01:07] [INFO] [MaterialAsset.cpp:66] uniform name: u_Offset value: 0, 0, 0
[12:01:07] [INFO] [MaterialAsset.cpp:66] uniform name: u_Tiling value: 1, 1, 1
[12:01:07] [INFO] [MaterialAsset.cpp:66] uniform name: u_BaseColor value: 1, 1, 1
[12:01:07] [INFO] [MaterialAsset.cpp:66] uniform name: u_Emissive value: 0, 0, 0
[12:01:07] [INFO] [MaterialAsset.cpp:66] uniform name: u_Tiling value: 1, 1, 1
[12:01:07] [INFO] [MaterialAsset.cpp:66] uniform name: u_Offset value: 0, 0, 0
[12:01:07] [INFO] [MaterialAsset.cpp:66] uniform name: u_AmbientColor value: 1, 1, 1
[12:01:07] [INFO] [MaterialAsset.cpp:66] uniform name: u_BaseColor value: 1, 1, 1
[12:01:07] [INFO] [MaterialAsset.cpp:66] uniform name: u_Emissive value: 0, 0, 0
[12:01:07] [INFO] [MaterialAsset.cpp:66] uniform name: u_AmbientColor value: 1, 1, 1
[12:01:07] [INFO] [MaterialAsset.cpp:66] uniform name: u_Offset value: 0, 0, 0
[12:01:07] [INFO] [MaterialAsset.cpp:66] uniform name: u_Tiling value: 1, 1, 1
[12:01:07] [INFO] [MaterialAsset.cpp:66] uniform name: u_BaseColor value: 1, 1, 1
[12:01:07] [INFO] [MaterialAsset.cpp:66] uniform name: u_Emissive value: 0, 0, 0
[12:01:07] [INFO] [MaterialAsset.cpp:66] uniform name: u_AmbientColor value: 1, 1, 1
[12:01:07] [INFO] [MaterialAsset.cpp:66] uniform name: u_Offset value: 0, 0, 0
[12:01:07] [INFO] [MaterialAsset.cpp:66] uniform name: u_Tiling value: 1, 1, 1
[12:01:07] [INFO] [MaterialAsset.cpp:66] uniform name: u_BaseColor value: 1, 1, 1
[12:01:07] [INFO] [MaterialAsset.cpp:66] uniform name: u_Emissive value: 0, 0, 0
[12:01:07] [INFO] [MaterialAsset.cpp:66] uniform name: u_Tiling value: 1, 1, 1
[12:01:07] [INFO] [MaterialAsset.cpp:66] uniform name: u_Offset value: 0, 0, 0
[12:01:07] [INFO] [MaterialAsset.cpp:66] uniform name: u_AmbientColor value: 1, 1, 1
[12:01:07] [INFO] [MaterialAsset.cpp:66] uniform name: u_BaseColor value: 1, 1, 1
[12:01:07] [INFO] [MaterialAsset.cpp:66] uniform name: u_Emissive value: 0, 0, 0
[12:01:07] [INFO] [MaterialAsset.cpp:66] uniform name: u_Tiling value: 1, 1, 1
[12:01:07] [INFO] [MaterialAsset.cpp:66] uniform name: u_Offset value: 0, 0, 0
[12:01:07] [INFO] [MaterialAsset.cpp:66] uniform name: u_AmbientColor value: 1, 1, 1
[12:01:07] [INFO] [MaterialAsset.cpp:66] uniform name: u_BaseColor value: 1, 1, 1
[12:01:07] [INFO] [MaterialAsset.cpp:66] uniform name: u_Emissive value: 0, 0, 0
[12:01:07] [INFO] [MaterialAsset.cpp:66] uniform name: u_AmbientColor value: 1, 1, 1
[12:01:07] [INFO] [MaterialAsset.cpp:66] uniform name: u_Offset value: 0, 0, 0
[12:01:07] [INFO] [MaterialAsset.cpp:66] uniform name: u_Tiling value: 1, 1, 1
[12:01:07] [INFO] [MaterialAsset.cpp:66] uniform name: u_BaseColor value: 1, 1, 1
[12:01:07] [INFO] [MaterialAsset.cpp:66] uniform name: u_Emissive value: 0, 0, 0
[12:01:07] [INFO] [MaterialAsset.cpp:66] uniform name: u_BaseColor value: 1, 1, 1
[12:01:07] [INFO] [MaterialAsset.cpp:66] uniform name: u_Emissive value: 0, 0, 0
[12:01:07] [INFO] [MaterialAsset.cpp:66] uniform name: u_Tiling value: 1, 1, 1
[12:01:07] [INFO] [MaterialAsset.cpp:66] uniform name: u_Offset value: 0, 0, 0
[12:01:07] [INFO] [MaterialAsset.cpp:66] uniform name: u_Tiling value: 1, 1, 1
[12:01:07] [INFO] [MaterialAsset.cpp:66] uniform name: u_Offset value: 0, 0, 0
[12:01:07] [INFO] [MaterialAsset.cpp:66] uniform name: u_AmbientColor value: 1, 1, 1
[12:01:07] [INFO] [MaterialAsset.cpp:66] uniform name: u_BaseColor value: 1, 1, 1
[12:01:07] [INFO] [MaterialAsset.cpp:66] uniform name: u_Emissive value: 0, 0, 0
[12:01:07] [INFO] [MaterialAsset.cpp:66] uniform name: u_BaseColor value: 1, 1, 1
[12:01:07] [INFO] [MaterialAsset.cpp:66] uniform name: u_Emissive value: 0, 0, 0
[12:01:07] [INFO] [MaterialAsset.cpp:66] uniform name: u_Tiling value: 1, 1, 1
[12:01:07] [INFO] [MaterialAsset.cpp:66] uniform name: u_Offset value: 0, 0, 0
[12:01:07] [INFO] [MaterialAsset.cpp:66] uniform name: u_AmbientColor value: 1, 1, 1
[12:01:07] [INFO] [MaterialAsset.cpp:66] uniform name: u_Offset value: 0, 0, 0
[12:01:07] [INFO] [MaterialAsset.cpp:66] uniform name: u_Tiling value: 1, 1, 1
[12:01:07] [INFO] [MaterialAsset.cpp:66] uniform name: u_BaseColor value: 1, 1, 1
[12:01:07] [INFO] [MaterialAsset.cpp:66] uniform name: u_Emissive value: 0, 0, 0
[12:01:07] [INFO] [MaterialAsset.cpp:66] uniform name: u_Tiling value: 1, 1, 1
[12:01:07] [INFO] [MaterialAsset.cpp:66] uniform name: u_Offset value: 0, 0, 0
[12:01:07] [INFO] [MaterialAsset.cpp:66] uniform name: u_AmbientColor value: 1, 1, 1
[12:01:07] [INFO] [MaterialAsset.cpp:66] uniform name: u_BaseColor value: 1, 1, 1
[12:01:07] [INFO] [MaterialAsset.cpp:66] uniform name: u_Emissive value: 0, 0, 0
[12:01:07] [INFO] [MaterialAsset.cpp:66] uniform name: u_Tiling value: 1, 1, 1
[12:01:07] [INFO] [MaterialAsset.cpp:66] uniform name: u_Offset value: 0, 0, 0
[12:01:07] [INFO] [MaterialAsset.cpp:66] uniform name: u_AmbientColor value: 1, 1, 1
[12:01:07] [INFO] [MaterialAsset.cpp:66] uniform name: u_BaseColor value: 1, 1, 1
[12:01:07] [INFO] [MaterialAsset.cpp:66] uniform name: u_Emissive value: 0, 0, 0
[12:01:07] [INFO] [MaterialAsset.cpp:66] uniform name: u_Tiling value: 1, 1, 1
[12:01:07] [INFO] [MaterialAsset.cpp:66] uniform name: u_Offset value: 0, 0, 0
[12:01:07] [INFO] [MaterialAsset.cpp:66] uniform name: u_AmbientColor value: 1, 1, 1
[12:01:07] [INFO] [MaterialAsset.cpp:66] uniform name: u_BaseColor value: 1, 1, 1
[12:01:07] [INFO] [MaterialAsset.cpp:66] uniform name: u_Emissive value: 0, 0, 0
[12:01:07] [INFO] [MaterialAsset.cpp:66] uniform name: u_BaseColor value: 1, 1, 1
[12:01:07] [INFO] [MaterialAsset.cpp:66] uniform name: u_Emissive value: 0, 0, 0
[12:01:07] [INFO] [MaterialAsset.cpp:66] uniform name: u_Tiling value: 1, 1, 1
[12:01:07] [INFO] [MaterialAsset.cpp:66] uniform name: u_Offset value: 0, 0, 0
[12:01:07] [INFO] [MaterialAsset.cpp:66] uniform name: u_Tiling value: 1, 1, 1
[12:01:07] [INFO] [MaterialAsset.cpp:66] uniform name: u_Offset value: 0, 0, 0
[12:01:07] [INFO] [MaterialAsset.cpp:66] uniform name: u_AmbientColor value: 1, 1, 1
[12:01:07] [INFO] [MaterialAsset.cpp:66] uniform name: u_BaseColor value: 1, 1, 1
[12:01:07] [INFO] [MaterialAsset.cpp:66] uniform name: u_Emissive value: 0, 0, 0
[12:01:07] [INFO] [MaterialAsset.cpp:66] uniform name: u_BaseColor value: 1, 1, 1
[12:01:07] [INFO] [MaterialAsset.cpp:66] uniform name: u_Emissive value: 0, 0, 0
[12:01:07] [INFO] [MaterialAsset.cpp:66] uniform name: u_Tiling value: 1, 1, 1
[12:01:07] [INFO] [MaterialAsset.cpp:66] uniform name: u_Offset value: 0, 0, 0
[12:01:07] [INFO] [MaterialAsset.cpp:66] uniform name: u_AmbientColor value: 1, 1, 1
[12:01:07] [INFO] [MaterialAsset.cpp:66] uniform name: u_Offset value: 0, 0, 0
[12:01:07] [INFO] [MaterialAsset.cpp:66] uniform name: u_Tiling value: 1, 1, 1
[12:01:07] [INFO] [MaterialAsset.cpp:66] uniform name: u_BaseColor value: 1, 1, 1
[12:01:07] [INFO] [MaterialAsset.cpp:66] uniform name: u_Emissive value: 0, 0, 0
[12:01:07] [INFO] [MaterialAsset.cpp:66] uniform name: u_Tiling value: 1, 1, 1
[12:01:07] [INFO] [MaterialAsset.cpp:66] uniform name: u_Offset value: 0, 0, 0
[12:01:07] [INFO] [MaterialAsset.cpp:66] uniform name: u_AmbientColor value: 1, 1, 1
[12:01:07] [INFO] [MaterialAsset.cpp:66] uniform name: u_BaseColor value: 1, 1, 1
[12:01:07] [INFO] [MaterialAsset.cpp:66] uniform name: u_Emissive value: 0, 0, 0
[12:01:07] [INFO] [MaterialAsset.cpp:66] uniform name: u_Tiling value: 1, 1, 1
[12:01:07] [INFO] [MaterialAsset.cpp:66] uniform name: u_Offset value: 0, 0, 0
[12:01:07] [INFO] [MaterialAsset.cpp:66] uniform name: u_AmbientColor value: 1, 1, 1
[12:01:07] [INFO] [MaterialAsset.cpp:66] uniform name: u_BaseColor value: 1, 1, 1
[12:01:07] [INFO] [MaterialAsset.cpp:66] uniform name: u_Emissive value: 0, 0, 0
[12:01:07] [INFO] [MaterialAsset.cpp:66] uniform name: u_BaseColor value: 1, 1, 1
[12:01:07] [INFO] [MaterialAsset.cpp:66] uniform name: u_Emissive value: 0, 0, 0
[12:01:07] [INFO] [MaterialAsset.cpp:66] uniform name: u_Tiling value: 1, 1, 1
[12:01:07] [INFO] [MaterialAsset.cpp:66] uniform name: u_Offset value: 0, 0, 0
[12:01:07] [INFO] [MaterialAsset.cpp:66] uniform name: u_BaseColor value: 1, 1, 1
[12:01:07] [INFO] [MaterialAsset.cpp:66] uniform name: u_Emissive value: 0, 0, 0
[12:01:07] [INFO] [MaterialAsset.cpp:66] uniform name: u_Tiling value: 1, 1, 1
[12:01:07] [INFO] [MaterialAsset.cpp:66] uniform name: u_Offset value: 0, 0, 0
[12:01:07] [INFO] [MaterialAsset.cpp:66] uniform name: u_BaseColor value: 1, 1, 1
[12:01:07] [INFO] [MaterialAsset.cpp:66] uniform name: u_Emissive value: 0, 0, 0
[12:01:07] [INFO] [MaterialAsset.cpp:66] uniform name: u_Tiling value: 1, 1, 1
[12:01:07] [INFO] [MaterialAsset.cpp:66] uniform name: u_Offset value: 0, 0, 0
[12:01:07] [WARNING] [ResourcePaths.hpp:28] Invalid Artifact Path
[12:01:07] [INFO] [MaterialAsset.cpp:66] uniform name: u_AmbientColor value: 1, 1, 1
[12:01:07] [INFO] [MaterialAsset.cpp:66] uniform name: u_Offset value: 0, 0, 0
[12:01:07] [INFO] [MaterialAsset.cpp:66] uniform name: u_Tiling value: 1, 1, 1
[12:01:07] [INFO] [MaterialAsset.cpp:66] uniform name: u_BaseColor value: 1, 1, 1
[12:01:07] [INFO] [MaterialAsset.cpp:66] uniform name: u_Emissive value: 0, 0, 0
[12:01:07] [INFO] [MaterialAsset.cpp:66] uniform name: u_Tiling value: 1, 1, 1
[12:01:07] [INFO] [MaterialAsset.cpp:66] uniform name: u_Offset value: 0, 0, 0
[12:01:07] [INFO] [MaterialAsset.cpp:66] uniform name: u_AmbientColor value: 1, 1, 1
[12:01:07] [INFO] [MaterialAsset.cpp:66] uniform name: u_BaseColor value: 1, 1, 1
[12:01:07] [INFO] [MaterialAsset.cpp:66] uniform name: u_Emissive value: 0, 0, 0
[12:01:07] [INFO] [MaterialAsset.cpp:66] uniform name: u_BaseColor value: 1, 1, 1
[12:01:07] [INFO] [MaterialAsset.cpp:66] uniform name: u_Emissive value: 0, 0, 0
[12:01:07] [INFO] [MaterialAsset.cpp:66] uniform name: u_Tiling value: 1, 1, 1
[12:01:07] [INFO] [MaterialAsset.cpp:66] uniform name: u_Offset value: 0, 0, 0
[12:01:07] [INFO] [MaterialAsset.cpp:66] uniform name: u_BaseColor value: 1, 1, 1
[12:01:07] [INFO] [MaterialAsset.cpp:66] uniform name: u_Emissive value: 0, 0, 0
[12:01:07] [INFO] [MaterialAsset.cpp:66] uniform name: u_Tiling value: 1, 1, 1
[12:01:07] [INFO] [MaterialAsset.cpp:66] uniform name: u_Offset value: 0, 0, 0
[12:01:07] [INFO] [MaterialAsset.cpp:66] uniform name: u_AmbientColor value: 1, 1, 1
[12:01:07] [INFO] [MaterialAsset.cpp:66] uniform name: u_Offset value: 0, 0, 0
[12:01:07] [INFO] [MaterialAsset.cpp:66] uniform name: u_Tiling value: 1, 1, 1
[12:01:07] [INFO] [MaterialAsset.cpp:66] uniform name: u_BaseColor value: 1, 1, 1
[12:01:07] [INFO] [MaterialAsset.cpp:66] uniform name: u_Emissive value: 0, 0, 0
[12:01:07] [INFO] [MaterialAsset.cpp:66] uniform name: u_Tiling value: 1, 1, 1
[12:01:07] [INFO] [MaterialAsset.cpp:66] uniform name: u_Offset value: 0, 0, 0
[12:01:07] [INFO] [MaterialAsset.cpp:66] uniform name: u_AmbientColor value: 1, 1, 1
[12:01:07] [INFO] [MaterialAsset.cpp:66] uniform name: u_BaseColor value: 1, 1, 1
[12:01:07] [INFO] [MaterialAsset.cpp:66] uniform name: u_Emissive value: 0, 0, 0
[12:01:07] [INFO] [MaterialAsset.cpp:66] uniform name: u_Tiling value: 1, 1, 1
[12:01:07] [INFO] [MaterialAsset.cpp:66] uniform name: u_Offset value: 0, 0, 0
[12:01:07] [INFO] [MaterialAsset.cpp:66] uniform name: u_AmbientColor value: 1, 1, 1
[12:01:07] [INFO] [MaterialAsset.cpp:66] uniform name: u_BaseColor value: 1, 1, 1
[12:01:07] [INFO] [MaterialAsset.cpp:66] uniform name: u_Emissive value: 0, 0, 0
[12:01:07] [INFO] [MaterialAsset.cpp:66] uniform name: u_BaseColor value: 1, 1, 1
[12:01:07] [INFO] [MaterialAsset.cpp:66] uniform name: u_Emissive value: 0, 0, 0
[12:01:07] [INFO] [MaterialAsset.cpp:66] uniform name: u_Tiling value: 1, 1, 1
[12:01:07] [INFO] [MaterialAsset.cpp:66] uniform name: u_Offset value: 0, 0, 0
[12:01:07] [INFO] [MaterialAsset.cpp:66] uniform name: u_BaseColor value: 1, 1, 1
[12:01:07] [INFO] [MaterialAsset.cpp:66] uniform name: u_Emissive value: 0, 0, 0
[12:01:07] [INFO] [MaterialAsset.cpp:66] uniform name: u_Tiling value: 1, 1, 1
[12:01:07] [INFO] [MaterialAsset.cpp:66] uniform name: u_Offset value: 0, 0, 0
[12:01:07] [INFO] [MaterialAsset.cpp:66] uniform name: u_BaseColor value: 1, 1, 1
[12:01:07] [INFO] [MaterialAsset.cpp:66] uniform name: u_Emissive value: 0, 0, 0
[12:01:07] [INFO] [MaterialAsset.cpp:66] uniform name: u_Tiling value: 1, 1, 1
[12:01:07] [INFO] [MaterialAsset.cpp:66] uniform name: u_Offset value: 0, 0, 0
[12:01:07] [INFO] [MaterialAsset.cpp:66] uniform name: u_Tiling value: 0.2, 0.2, 1
[12:01:07] [INFO] [MaterialAsset.cpp:66] uniform name: u_Offset value: 0, 0, 0
[12:01:07] [INFO] [MaterialAsset.cpp:66] uniform name: u_AmbientColor value: 1, 1, 1
[12:01:07] [INFO] [MaterialAsset.cpp:66] uniform name: u_BaseColor value: 1, 1, 1
[12:01:07] [INFO] [MaterialAsset.cpp:66] uniform name: u_Emissive value: 0, 0, 0
[12:01:07] [INFO] [MaterialAsset.cpp:66] uniform name: u_Tiling value: 1, 1, 1
[12:01:07] [INFO] [MaterialAsset.cpp:66] uniform name: u_Offset value: 0, 0, 0
[12:01:07] [INFO] [MaterialAsset.cpp:66] uniform name: u_AmbientColor value: 1, 1, 1
[12:01:07] [INFO] [MaterialAsset.cpp:66] uniform name: u_BaseColor value: 1, 1, 1
[12:01:07] [INFO] [MaterialAsset.cpp:66] uniform name: u_Emissive value: 0, 0, 0
[12:01:07] [INFO] [MaterialAsset.cpp:66] uniform name: u_Tiling value: 1, 1, 1
[12:01:07] [INFO] [MaterialAsset.cpp:66] uniform name: u_Offset value: 0, 0, 0
[12:01:07] [INFO] [MaterialAsset.cpp:66] uniform name: u_AmbientColor value: 1, 1, 1
[12:01:07] [INFO] [MaterialAsset.cpp:66] uniform name: u_BaseColor value: 1, 1, 1
[12:01:07] [INFO] [MaterialAsset.cpp:66] uniform name: u_Emissive value: 0, 0, 0
[12:01:07] [INFO] [MaterialAsset.cpp:66] uniform name: u_AmbientColor value: 1, 1, 1
[12:01:07] [INFO] [MaterialAsset.cpp:66] uniform name: u_Offset value: 0, 0, 0
[12:01:07] [INFO] [MaterialAsset.cpp:66] uniform name: u_Tiling value: 1, 1, 1
[12:01:07] [INFO] [MaterialAsset.cpp:66] uniform name: u_BaseColor value: 1, 1, 1
[12:01:07] [INFO] [MaterialAsset.cpp:66] uniform name: u_Emissive value: 0, 0, 0
[12:01:07] [INFO] [MaterialAsset.cpp:66] uniform name: u_AmbientColor value: 1, 1, 1
[12:01:07] [INFO] [MaterialAsset.cpp:66] uniform name: u_Offset value: 0, 0, 0
[12:01:07] [INFO] [MaterialAsset.cpp:66] uniform name: u_Tiling value: 1, 1, 1
[12:01:07] [INFO] [MaterialAsset.cpp:66] uniform name: u_BaseColor value: 1, 1, 1
[12:01:07] [INFO] [MaterialAsset.cpp:66] uniform name: u_Emissive value: 0, 0, 0
[12:01:07] [INFO] [MaterialAsset.cpp:66] uniform name: u_AmbientColor value: 1, 1, 1
[12:01:07] [INFO] [MaterialAsset.cpp:66] uniform name: u_Offset value: 0, 0, 0
[12:01:07] [INFO] [MaterialAsset.cpp:66] uniform name: u_Tiling value: 1, 1, 1
[12:01:07] [INFO] [MaterialAsset.cpp:66] uniform name: u_BaseColor value: 1, 1, 1
[12:01:07] [INFO] [MaterialAsset.cpp:66] uniform name: u_Emissive value: 0, 0, 0
[12:01:07] [INFO] [MaterialAsset.cpp:66] uniform name: u_AmbientColor value: 1, 1, 1
[12:01:07] [INFO] [MaterialAsset.cpp:66] uniform name: u_Offset value: 0, 0, 0
[12:01:07] [INFO] [MaterialAsset.cpp:66] uniform name: u_Tiling value: 1, 1, 1
[12:01:07] [INFO] [MaterialAsset.cpp:66] uniform name: u_BaseColor value: 1, 1, 1
[12:01:07] [INFO] [MaterialAsset.cpp:66] uniform name: u_Emissive value: 0, 0, 0
[12:01:07] [INFO] [MaterialAsset.cpp:66] uniform name: u_Tiling value: 1, 1, 1
[12:01:07] [INFO] [MaterialAsset.cpp:66] uniform name: u_Offset value: 0, 0, 0
[12:01:07] [INFO] [MaterialAsset.cpp:66] uniform name: u_AmbientColor value: 1, 1, 1
[12:01:07] [INFO] [MaterialAsset.cpp:66] uniform name: u_BaseColor value: 1, 1, 1
[12:01:07] [INFO] [MaterialAsset.cpp:66] uniform name: u_Emissive value: 0, 0, 0
[12:01:07] [INFO] [MaterialAsset.cpp:66] uniform name: u_Tiling value: 1, 1, 1
[12:01:07] [INFO] [MaterialAsset.cpp:66] uniform name: u_Offset value: 0, 0, 0
[12:01:07] [INFO] [MaterialAsset.cpp:66] uniform name: u_AmbientColor value: 1, 1, 1
[12:01:07] [INFO] [MaterialAsset.cpp:66] uniform name: u_BaseColor value: 1, 1, 1
[12:01:07] [INFO] [MaterialAsset.cpp:66] uniform name: u_Emissive value: 0, 0, 0
[12:01:07] [INFO] [MaterialAsset.cpp:66] uniform name: u_AmbientColor value: 1, 1, 1
[12:01:07] [INFO] [MaterialAsset.cpp:66] uniform name: u_Offset value: 0, 0, 0
[12:01:07] [INFO] [MaterialAsset.cpp:66] uniform name: u_Tiling value: 1, 1, 1
[12:01:07] [INFO] [MaterialAsset.cpp:66] uniform name: u_BaseColor value: 1, 1, 1
[12:01:07] [INFO] [MaterialAsset.cpp:66] uniform name: u_Emissive value: 0, 0, 0
[12:01:07] [INFO] [MaterialAsset.cpp:66] uniform name: u_BaseColor value: 1, 1, 1
[12:01:07] [INFO] [MaterialAsset.cpp:66] uniform name: u_Emissive value: 0, 0, 0
[12:01:07] [INFO] [MaterialAsset.cpp:66] uniform name: u_Tiling value: 1, 1, 1
[12:01:07] [INFO] [MaterialAsset.cpp:66] uniform name: u_Offset value: 0, 0, 0
[12:01:07] [INFO] [MaterialAsset.cpp:66] uniform name: u_AmbientColor value: 1, 1, 1
[12:01:07] [INFO] [MaterialAsset.cpp:66] uniform name: u_Offset value: 0, 0, 0
[12:01:07] [INFO] [MaterialAsset.cpp:66] uniform name: u_Tiling value: 1, 1, 1
[12:01:07] [INFO] [MaterialAsset.cpp:66] uniform name: u_BaseColor value: 1, 1, 1
[12:01:07] [INFO] [MaterialAsset.cpp:66] uniform name: u_Emissive value: 0, 0, 0
[12:01:07] [INFO] [MaterialAsset.cpp:66] uniform name: u_BaseColor value: 1, 1, 1
[12:01:07] [INFO] [MaterialAsset.cpp:66] uniform name: u_Emissive value: 0, 0, 0
[12:01:07] [INFO] [MaterialAsset.cpp:66] uniform name: u_Tiling value: 1, 1, 1
[12:01:07] [INFO] [MaterialAsset.cpp:66] uniform name: u_Offset value: 0, 0, 0
[12:01:07] [INFO] [MaterialAsset.cpp:66] uniform name: u_AmbientColor value: 1, 1, 1
[12:01:07] [INFO] [MaterialAsset.cpp:66] uniform name: u_Offset value: 0, 0, 0
[12:01:07] [INFO] [MaterialAsset.cpp:66] uniform name: u_Tiling value: 1, 1, 1
[12:01:07] [INFO] [MaterialAsset.cpp:66] uniform name: u_BaseColor value: 1, 1, 1
[12:01:07] [INFO] [MaterialAsset.cpp:66] uniform name: u_Emissive value: 0, 0, 0
[12:01:07] [INFO] [MaterialAsset.cpp:66] uniform name: u_AmbientColor value: 1, 1, 1
[12:01:07] [INFO] [MaterialAsset.cpp:66] uniform name: u_Offset value: 0, 0, 0
[12:01:07] [INFO] [MaterialAsset.cpp:66] uniform name: u_Tiling value: 1, 1, 1
[12:01:07] [INFO] [MaterialAsset.cpp:66] uniform name: u_BaseColor value: 1, 1, 1
[12:01:07] [INFO] [MaterialAsset.cpp:66] uniform name: u_Emissive value: 0, 0, 0
[12:01:07] [INFO] [MaterialAsset.cpp:66] uniform name: u_Tiling value: 1, 1, 1
[12:01:07] [INFO] [MaterialAsset.cpp:66] uniform name: u_Offset value: 0, 0, 0
[12:01:07] [INFO] [MaterialAsset.cpp:66] uniform name: u_AmbientColor value: 1, 1, 1
[12:01:07] [INFO] [MaterialAsset.cpp:66] uniform name: u_BaseColor value: 1, 1, 1
[12:01:07] [INFO] [MaterialAsset.cpp:66] uniform name: u_Emissive value: 0, 0, 0
[12:01:07] [INFO] [MaterialAsset.cpp:66] uniform name: u_Tiling value: 1, 1, 1
[12:01:07] [INFO] [MaterialAsset.cpp:66] uniform name: u_Offset value: 0, 0, 0
[12:01:07] [INFO] [MaterialAsset.cpp:66] uniform name: u_AmbientColor value: 1, 1, 1
[12:01:07] [INFO] [MaterialAsset.cpp:66] uniform name: u_BaseColor value: 1, 1, 1
[12:01:07] [INFO] [MaterialAsset.cpp:66] uniform name: u_Emissive value: 0, 0, 0
[12:01:07] [INFO] [MaterialAsset.cpp:66] uniform name: u_BaseColor value: 1, 1, 1
[12:01:07] [INFO] [MaterialAsset.cpp:66] uniform name: u_Emissive value: 0, 0, 0
[12:01:07] [INFO] [MaterialAsset.cpp:66] uniform name: u_Tiling value: 1, 1, 1
[12:01:07] [INFO] [MaterialAsset.cpp:66] uniform name: u_Offset value: 0, 0, 0
[12:01:07] [INFO] [MaterialAsset.cpp:66] uniform name: u_Tiling value: 1, 1, 1
[12:01:07] [INFO] [MaterialAsset.cpp:66] uniform name: u_Offset value: 0, 0, 0
[12:01:07] [INFO] [MaterialAsset.cpp:66] uniform name: u_AmbientColor value: 1, 1, 1
[12:01:07] [INFO] [MaterialAsset.cpp:66] uniform name: u_BaseColor value: 1, 1, 1
[12:01:07] [INFO] [MaterialAsset.cpp:66] uniform name: u_Emissive value: 0, 0, 0
[12:01:07] [INFO] [MaterialAsset.cpp:66] uniform name: u_BaseColor value: 1, 1, 1
[12:01:07] [INFO] [MaterialAsset.cpp:66] uniform name: u_Emissive value: 0, 0, 0
[12:01:07] [INFO] [MaterialAsset.cpp:66] uniform name: u_Tiling value: 1, 1, 1
[12:01:07] [INFO] [MaterialAsset.cpp:66] uniform name: u_Offset value: 0, 0, 0
[12:01:07] [INFO] [MaterialAsset.cpp:66] uniform name: u_AmbientColor value: 1, 1, 1
[12:01:07] [INFO] [MaterialAsset.cpp:66] uniform name: u_Offset value: 0, 0, 0
[12:01:07] [INFO] [MaterialAsset.cpp:66] uniform name: u_Tiling value: 1, 1, 1
[12:01:07] [INFO] [MaterialAsset.cpp:66] uniform name: u_BaseColor value: 1, 1, 1
[12:01:07] [INFO] [MaterialAsset.cpp:66] uniform name: u_Emissive value: 0, 0, 0
[12:01:07] [INFO] [MaterialAsset.cpp:66] uniform name: u_Tiling value: 1, 1, 1
[12:01:07] [INFO] [MaterialAsset.cpp:66] uniform name: u_Offset value: 0, 0, 0
[12:01:07] [INFO] [MaterialAsset.cpp:66] uniform name: u_AmbientColor value: 1, 1, 1
[12:01:07] [INFO] [MaterialAsset.cpp:66] uniform name: u_BaseColor value: 1, 1, 1
[12:01:07] [INFO] [MaterialAsset.cpp:66] uniform name: u_Emissive value: 0, 0, 0
[12:01:07] [INFO] [MaterialAsset.cpp:66] uniform name: u_AmbientColor value: 1, 1, 1
[12:01:07] [INFO] [MaterialAsset.cpp:66] uniform name: u_Offset value: 0, 0, 0
[12:01:07] [INFO] [MaterialAsset.cpp:66] uniform name: u_Tiling value: 1, 1, 1
[12:01:07] [INFO] [MaterialAsset.cpp:66] uniform name: u_BaseColor value: 1, 1, 1
[12:01:07] [INFO] [MaterialAsset.cpp:66] uniform name: u_Emissive value: 0, 0, 0
[12:01:07] [INFO] [MaterialAsset.cpp:66] uniform name: u_BaseColor value: 1, 1, 1
[12:01:07] [INFO] [MaterialAsset.cpp:66] uniform name: u_Emissive value: 0, 0, 0
[12:01:07] [INFO] [MaterialAsset.cpp:66] uniform name: u_Tiling value: 1, 1, 1
[12:01:07] [INFO] [MaterialAsset.cpp:66] uniform name: u_Offset value: 0, 0, 0
[12:01:07] [INFO] [MaterialAsset.cpp:66] uniform name: u_BaseColor value: 1, 1, 1
[12:01:07] [INFO] [MaterialAsset.cpp:66] uniform name: u_Emissive value: 0, 0, 0
[12:01:07] [INFO] [MaterialAsset.cpp:66] uniform name: u_Tiling value: 1, 1, 1
[12:01:07] [INFO] [MaterialAsset.cpp:66] uniform name: u_Offset value: 0, 0, 0
[12:01:07] [INFO] [MaterialAsset.cpp:66] uniform name: u_BaseColor value: 1, 1, 1
[12:01:07] [INFO] [MaterialAsset.cpp:66] uniform name: u_Emissive value: 0, 0, 0
[12:01:07] [INFO] [MaterialAsset.cpp:66] uniform name: u_Tiling value: 1, 1, 1
[12:01:07] [INFO] [MaterialAsset.cpp:66] uniform name: u_Offset value: 0, 0, 0
[12:01:09] [WARNING] [AssetManager.cpp:171] Failed to parse meta JSON: Assets/Textures\brick.meta
[12:01:11] [WARNING] [ResourcePaths.hpp:28] Invalid Artifact Path
[12:01:11] [WARNING] [ResourcePaths.hpp:28] Invalid Artifact Path
[12:01:37] [WARNING] [ResourcePaths.hpp:28] Invalid Artifact Path
[12:01:45] [WARNING] [ResourcePaths.hpp:28] Invalid Artifact Path
[12:01:51] [WARNING] [ResourcePaths.hpp:28] Invalid Artifact Path
[12:01:59] [WARNING] [ResourcePaths.hpp:28] Invalid Artifact Path
[12:02:49] [WARNING] [ResourcePaths.hpp:28] Invalid Artifact Path
[12:03:31] [WARNING] [ResourcePaths.hpp:28] Invalid Artifact Path
[12:04:12] [WARNING] [ResourcePaths.hpp:28] Invalid Artifact Path
[12:05:20] [WARNING] [ResourcePaths.hpp:28] Invalid Artifact Path
[12:05:36] [WARNING] [ResourcePaths.hpp:28] Invalid Artifact Path
[12:05:44] [WARNING] [ResourcePaths.hpp:28] Invalid Artifact Path
[12:07:45] [WARNING] [ResourcePaths.hpp:28] Invalid Artifact Path
[12:08:37] [WARNING] [ResourcePaths.hpp:28] Invalid Artifact Path
[12:08:48] [WARNING] [ResourcePaths.hpp:28] Invalid Artifact Path
[12:10:18] [WARNING] [ResourcePaths.hpp:28] Invalid Artifact Path
[12:11:01] [WARNING] [ResourcePaths.hpp:28] Invalid Artifact Path
[12:11:30] [WARNING] [ResourcePaths.hpp:28] Invalid Artifact Path
[12:12:11] [WARNING] [ResourcePaths.hpp:28] Invalid Artifact Path
[12:12:34] [WARNING] [ResourcePaths.hpp:28] Invalid Artifact Path
[12:12:49] [WARNING] [ResourcePaths.hpp:28] Invalid Artifact Path
[12:13:04] [WARNING] [ResourcePaths.hpp:28] Invalid Artifact Path
[12:13:16] [WARNING] [ResourcePaths.hpp:28] Invalid Artifact Path
[12:13:35] [WARNING] [ResourcePaths.hpp:28] Invalid Artifact Path
[12:13:51] [WARNING] [ResourcePaths.hpp:28] Invalid Artifact Path
[12:14:01] [WARNING] [ResourcePaths.hpp:28] Invalid Artifact Path
[12:14:13] [WARNING] [ResourcePaths.hpp:28] Invalid Artifact Path
[12:14:36] [WARNING] [ResourcePaths.hpp:28] Invalid Artifact Path
[12:14:45] [WARNING] [ResourcePaths.hpp:28] Invalid Artifact Path
[12:15:07] [WARNING] [ResourcePaths.hpp:28] Invalid Artifact Path
[12:15:18] [WARNING] [ResourcePaths.hpp:28] Invalid Artifact Path
[12:15:38] [WARNING] [ResourcePaths.hpp:28] Invalid Artifact Path
[12:16:05] [WARNING] [ResourcePaths.hpp:28] Invalid Artifact Path
[12:16:45] [WARNING] [ResourcePaths.hpp:28] Invalid Artifact Path
[12:17:27] [WARNING] [ResourcePaths.hpp:28] Invalid Artifact Path
[12:17:44] [WARNING] [ResourcePaths.hpp:28] Invalid Artifact Path
[12:17:53] [WARNING] [ResourcePaths.hpp:28] Invalid Artifact Path
[12:18:07] [WARNING] [ResourcePaths.hpp:28] Invalid Artifact Path
[12:18:07] [WARNING] [ResourcePaths.hpp:28] Invalid Artifact Path
[12:18:35] [WARNING] [ResourcePaths.hpp:28] Invalid Artifact Path
[12:18:42] [WARNING] [ResourcePaths.hpp:28] Invalid Artifact Path
[12:19:04] [WARNING] [ResourcePaths.hpp:28] Invalid Artifact Path
[12:19:28] [WARNING] [ResourcePaths.hpp:28] Invalid Artifact Path
[12:20:21] [WARNING] [ResourcePaths.hpp:28] Invalid Artifact Path
[12:20:57] [WARNING] [ResourcePaths.hpp:28] Invalid Artifact Path
[12:21:41] [WARNING] [ResourcePaths.hpp:28] Invalid Artifact Path
[12:22:47] [WARNING] [ResourcePaths.hpp:28] Invalid Artifact Path
[12:23:03] [WARNING] [ResourcePaths.hpp:28] Invalid Artifact Path
[12:23:12] [WARNING] [ResourcePaths.hpp:28] Invalid Artifact Path
[12:24:47] [WARNING] [ResourcePaths.hpp:28] Invalid Artifact Path
[12:25:52] [WARNING] [ResourcePaths.hpp:28] Invalid Artifact Path
[12:26:09] [WARNING] [ResourcePaths.hpp:28] Invalid Artifact Path
[12:27:35] [WARNING] [ResourcePaths.hpp:28] Invalid Artifact Path
[12:28:19] [WARNING] [ResourcePaths.hpp:28] Invalid Artifact Path
[12:29:08] [WARNING] [ResourcePaths.hpp:28] Invalid Artifact Path
[12:29:47] [WARNING] [ResourcePaths.hpp:28] Invalid Artifact Path
[12:29:59] [WARNING] [ResourcePaths.hpp:28] Invalid Artifact Path
[12:30:13] [WARNING] [ResourcePaths.hpp:28] Invalid Artifact Path
[12:30:28] [WARNING] [ResourcePaths.hpp:28] Invalid Artifact Path
[12:31:15] [WARNING] [ResourcePaths.hpp:28] Invalid Artifact Path
[12:31:37] [WARNING] [ResourcePaths.hpp:28] Invalid Artifact Path
[12:31:56] [WARNING] [ResourcePaths.hpp:28] Invalid Artifact Path
[12:32:05] [WARNING] [ResourcePaths.hpp:28] Invalid Artifact Path
[12:32:16] [WARNING] [ResourcePaths.hpp:28] Invalid Artifact Path
[12:32:28] [WARNING] [ResourcePaths.hpp:28] Invalid Artifact Path
[12:32:37] [WARNING] [ResourcePaths.hpp:28] Invalid Artifact Path
[12:32:59] [WARNING] [ResourcePaths.hpp:28] Invalid Artifact Path
[12:33:11] [WARNING] [ResourcePaths.hpp:28] Invalid Artifact Path
[12:33:32] [WARNING] [ResourcePaths.hpp:28] Invalid Artifact Path
[12:34:56] [WARNING] [ResourcePaths.hpp:28] Invalid Artifact Path
[12:35:27] [WARNING] [ResourcePaths.hpp:28] Invalid Artifact Path
[12:36:12] [WARNING] [ResourcePaths.hpp:28] Invalid Artifact Path
[12:36:31] [WARNING] [ResourcePaths.hpp:28] Invalid Artifact Path
[12:36:54] [WARNING] [ResourcePaths.hpp:28] Invalid Artifact Path
[12:37:05] [WARNING] [ResourcePaths.hpp:28] Invalid Artifact Path
[12:37:27] [WARNING] [ResourcePaths.hpp:28] Invalid Artifact Path
[12:39:26] [WARNING] [ResourcePaths.hpp:28] Invalid Artifact Path
[12:40:02] [WARNING] [ResourcePaths.hpp:28] Invalid Artifact Path
[12:40:39] [WARNING] [ResourcePaths.hpp:28] Invalid Artifact Path
[12:40:52] [WARNING] [ResourcePaths.hpp:28] Invalid Artifact Path
