=== NANO ENGINE CRASH LOG ===
Timestamp: 2025-11-04 03:34:54
Crash Reason: Windows Exception 0xe06d7363 (Unknown Exception)

=== SYSTEM INFORMATION ===
Total RAM: 32537 MB
Available RAM: 12460 MB
Process Memory Usage: 107 MB

=== RECENT LOGS (Last 73 entries) ===
[03:34:29] [INFO] Backtrace enabled with 100 messages buffer
[03:34:29] [INFO] Session logging enabled - all logs will be written to: logs/session.log
[03:34:29] [INFO] Automatic crash detection enabled
[03:34:29] [INFO] Crash-only logging enabled with automatic detection - logs will be saved to crash_logs/ when crashes occur
[03:34:30] [INFO] [GLContext.cpp:25] OpenGL Version: 
[03:34:30] [WARNING] [GLShader.cpp:152] Program linking failed: 
[03:34:30] [INFO] [Application.cpp:47] === NANOEngine Application Started ===
[03:34:30] [DEBUG] [Application.cpp:48] Initialization in progress...
[03:34:30] [INFO] [Application.cpp:49] Graphics API: OpenGL
[03:34:30] [DEBUG] [Application.cpp:50] Window creation completed
[03:34:30] [INFO] [Application.cpp:51] ImGui integration active
[03:34:46] [INFO] [AudioSystem.cpp:351] AudioSystem::Init() - Starting initialization
[03:34:46] [INFO] [AudioSystem.cpp:356] Working directory: D:\Users\Irwen Yap\Documents\My Projects\Github\Chrono
[03:34:46] [INFO] [AudioSystem.cpp:357] Bank directory: D:\Users\Irwen Yap\Documents\My Projects\Github\Chrono/Assets/Bank
[03:34:46] [INFO] [AudioSystem.cpp:305] LoadBankAssets - Checking directory: D:\Users\Irwen Yap\Documents\My Projects\Github\Chrono/Assets/Bank
[03:34:46] [INFO] [AudioSystem.cpp:327] Loaded bank asset: Master
[03:34:46] [INFO] [AudioSystem.cpp:327] Loaded bank asset: Master.strings
[03:34:46] [INFO] [AudioSystem.cpp:327] Loaded bank asset: UI
[03:34:46] [INFO] [AudioSystem.cpp:331] 3 banks loaded successfully
[03:34:46] [INFO] [AudioSystem.cpp:215] Loading 3 banks into FMOD...
[03:34:46] [INFO] [AudioSystem.cpp:230] Loaded bank: Master
[03:34:46] [INFO] [AudioSystem.cpp:230] Loaded bank: Master.strings
[03:34:46] [INFO] [AudioSystem.cpp:230] Loaded bank: UI
[03:34:46] [INFO] [AudioSystem.cpp:235] Looking for strings bank...
[03:34:46] [INFO] [AudioSystem.cpp:244] Loading strings bank: Master.strings
[03:34:46] [INFO] [AudioSystem.cpp:252] Strings bank ready: Master.strings
[03:34:46] [INFO] [AudioSystem.cpp:259] Extracting events from all banks...
[03:34:46] [INFO] [AudioBank.cpp:101] Found event: event:/ForestBGM -> ForestBGM
[03:34:46] [INFO] [AudioBank.cpp:101] Found event: event:/Stone -> Stone
[03:34:46] [INFO] [AudioBank.cpp:101] Found event: event:/Footstep -> Footstep
[03:34:46] [INFO] [AudioBank.cpp:101] Found event: event:/Jump -> Jump
[03:34:46] [INFO] [AudioBank.cpp:101] Found event: event:/OnClick -> OnClick
[03:34:46] [INFO] [AudioSystem.cpp:363] AudioSystem::Init() - Completed
[03:34:46] [INFO] [ScriptSystem.cpp:80] ScriptSystem::Init() - Starting initialization
[03:34:46] [INFO] [ScriptSystem.cpp:88] Loading script DLL: D:\Users\Irwen Yap\Documents\My Projects\Github\Chrono\GameCode.dll
[03:34:46] [INFO] [ScriptSystem.cpp:126] Loading copy: D:\Users\Irwen Yap\Documents\My Projects\Github\Chrono\GameCode_hot_0.dll
[03:34:46] [INFO] [ScriptingEngine.cpp:41] Registered script: PlayerScript
[03:34:46] [INFO] [ScriptingEngine.cpp:41] Registered script: TestScript
[03:34:46] [INFO] [ScriptingEngine.cpp:41] Registered script: PhysicsPlayerController
[03:34:46] [INFO] [ScriptingEngine.cpp:41] Registered script: TextureSwitch
[03:34:46] [INFO] [ScriptingEngine.cpp:419] Successfully loaded and registered scripts from: D:\Users\Irwen Yap\Documents\My Projects\Github\Chrono\GameCode_hot_0.dll
[03:34:46] [INFO] [ScriptSystem.cpp:132] Successfully loaded DLL.
[03:34:46] [INFO] [ScriptingEngine.cpp:250] === Scripting Engine Summary ===
[03:34:46] [INFO] [ScriptingEngine.cpp:253] Loaded DLLs (1):
[03:34:46] [INFO] [ScriptingEngine.cpp:259]   - GameCode_hot_0.dll (D:\Users\Irwen Yap\Documents\My Projects\Github\Chrono\GameCode_hot_0.dll)
[03:34:46] [INFO] [ScriptingEngine.cpp:265] Registered Scripts (4):
[03:34:46] [INFO] [ScriptingEngine.cpp:271]   - PhysicsPlayerController
[03:34:46] [INFO] [ScriptingEngine.cpp:271]   - PlayerScript
[03:34:46] [INFO] [ScriptingEngine.cpp:271]   - TestScript
[03:34:46] [INFO] [ScriptingEngine.cpp:271]   - TextureSwitch
[03:34:46] [INFO] [ScriptingEngine.cpp:274] ================================

[03:34:46] [ERROR] [ScriptSystem.cpp:157] Failed to create file watcher for D:\Users\Irwen Yap\Documents\GameCode\Scripts\: The system cannot find the path specified.
[03:34:46] [WARNING] [ScriptSystem.cpp:158] Hot-compile will be disabled.
[03:34:46] [INFO] [ScriptSystem.cpp:162] ScriptSystem::Init() - Completed
[03:34:46] [INFO] [Application.cpp:117] === Application initialization complete ===
[03:34:46] [DEBUG] [Application.cpp:118] All panels loaded successfully
[03:34:46] [INFO] [Application.cpp:119] Ready for user interaction
[03:34:50] [INFO] [Application.cpp:136] 165
[03:34:51] [INFO] [Application.cpp:136] 165
[03:34:51] [INFO] [Application.cpp:136] 165
[03:34:51] [INFO] [Application.cpp:136] 165
[03:34:51] [INFO] [Application.cpp:136] 165
[03:34:51] [INFO] [Application.cpp:136] 165
[03:34:51] [INFO] [Application.cpp:136] 165
[03:34:51] [INFO] [Application.cpp:136] 165
[03:34:51] [INFO] [Application.cpp:136] 165
[03:34:51] [INFO] [Application.cpp:136] 165
[03:34:51] [INFO] [Application.cpp:136] 165
[03:34:51] [INFO] [Application.cpp:136] 165
[03:34:51] [INFO] [Application.cpp:136] 165
[03:34:51] [INFO] [Application.cpp:136] 165
[03:34:51] [INFO] [Application.cpp:136] 164
[03:34:52] [INFO] [Application.cpp:136] 164
